<?xml version="1.0" encoding="UTF-8"?>
<!-- Generated by org.testng.reporters.JUnitReportReporter -->
<testsuite hostname="DESKTOP-OTKS22Q" failures="0" tests="4" name="wondRxWeb.Test.AboutTest" time="1.134" errors="0" timestamp="2025-06-17T17:45:28 IST" skipped="0">
  <testcase classname="wondRxWeb.Test.AboutTest" name="aboutInfo" time="0.051"/>
  <testcase classname="wondRxWeb.Test.AboutTest" name="verifyHeaderNavigationLinks" time="0.259"/>
  <testcase classname="wondRxWeb.Test.AboutTest" name="verifyBannersAndMessagesOnThePage" time="0.201"/>
  <testcase classname="wondRxWeb.Test.AboutTest" name="verifyFooterNavigationLinks" time="0.623"/>
</testsuite> <!-- wondRxWeb.Test.AboutTest -->
