<?xml version="1.0" encoding="UTF-8"?>
<!-- Generated by org.testng.reporters.JUnitReportReporter -->
<testsuite hostname="DESKTOP-OTKS22Q" failures="0" tests="4" name="wondRxWeb.Test.AboutTest" time="0.926" errors="0" timestamp="2025-06-17T16:20:17 IST" skipped="0">
  <testcase classname="wondRxWeb.Test.AboutTest" name="aboutInfo" time="0.045"/>
  <testcase classname="wondRxWeb.Test.AboutTest" name="verifyHeaderNavigationLinks" time="0.253"/>
  <testcase classname="wondRxWeb.Test.AboutTest" name="verifyBannersAndMessagesOnThePage" time="0.174"/>
  <testcase classname="wondRxWeb.Test.AboutTest" name="verifyFooterNavigationLinks" time="0.454"/>
</testsuite> <!-- wondRxWeb.Test.AboutTest -->
